File: ./report.log changed and content 0 of tabs
File: ./README.md changed and content 0 of tabs
File: ./.git/hooks/applypatch-msg.sample changed and content 0 of tabs
File: ./.git/hooks/commit-msg.sample changed and content 3 of tabs
File: ./.git/hooks/fsmonitor-watchman.sample changed and content 101 of tabs
File: ./.git/hooks/post-update.sample changed and content 0 of tabs
File: ./.git/hooks/pre-applypatch.sample changed and content 0 of tabs
File: ./.git/hooks/pre-commit.sample changed and content 10 of tabs
File: ./.git/hooks/pre-merge-commit.sample changed and content 0 of tabs
File: ./.git/hooks/pre-push.sample changed and content 21 of tabs
File: ./.git/hooks/pre-rebase.sample changed and content 53 of tabs
File: ./.git/hooks/pre-receive.sample changed and content 13 of tabs
File: ./.git/hooks/prepare-commit-msg.sample changed and content 1 of tabs
File: ./.git/hooks/push-to-checkout.sample changed and content 8 of tabs
File: ./.git/hooks/update.sample changed and content 65 of tabs
File: ./.git/info/exclude changed and content 0 of tabs
File: ./.git/description changed and content 0 of tabs
File: ./.git/refs/heads/main changed and content 0 of tabs
File: ./.git/refs/remotes/origin_github_04.Gitops/main changed and content 0 of tabs
File: ./.git/HEAD changed and content 0 of tabs
File: ./.git/config changed and content 8 of tabs
File: ./.git/objects/59/f5d9933789cd0009c0d266ec9222df70d05911 changed and content 0 of tabs
File: ./.git/objects/01/756af80705439139166fa8504aaa15a43fa7b3 changed and content 0 of tabs
File: ./.git/objects/c7/f797dd682b4992c94df18605b7faeb1856a439 changed and content 0 of tabs
File: ./.git/index changed and content 0 of tabs
File: ./.git/COMMIT_EDITMSG changed and content 0 of tabs
File: ./.git/logs/HEAD changed and content 3 of tabs
File: ./.git/logs/refs/heads/main changed and content 2 of tabs
File: ./.git/logs/refs/remotes/origin_github_04.Gitops/main changed and content 1 of tabs
File: ./.github/workflows/first.yaml_ changed and content 0 of tabs
File: ./.github/workflows/.first.yaml.swp changed and content 0 of tabs
File: ./.github/workflows/first.yaml__ changed and content 0 of tabs
File: ./report.log changed and content 0 of tabs
